<?xml version="1.0" encoding="UTF-8"?>
<!-- Generated by org.testng.reporters.JUnitXMLReporter -->
<testsuite ignored="0" hostname="DESKTOP-7A190HN" failures="1" tests="8" name="Test1" time="0.812" errors="0" timestamp="2022-08-29T02:48:14 IST">
  <testcase classname="Test1.Maths1" name="m1" time="0.015"/>
  <testcase classname="Test1.Maths1" name="m2" time="0.004"/>
  <testcase classname="Test1.Maths1" name="str" time="0.006">
    <failure type="java.lang.Error" message="Unresolved compilation problem: 
	Syntax error on token &amp;quot;||&amp;quot;, Expression expected after this token
">
      <![CDATA[java.lang.Error: Unresolved compilation problem: 
Syntax error on token "||", Expression expected after this token

at Test1.Maths1.str(Maths1.java:26)
at java.base/java.util.ArrayList.forEach(ArrayList.java:1511)
... Removed 27 stack frames]]>
    </failure>
  </testcase> <!-- str -->
  <testcase classname="Test1.Math2" name="m4" time="0.005"/>
  <testcase classname="Test1.Math2" name="m3" time="0.004"/>
  <testcase classname="Test1.Math3" name="m5" time="0.512"/>
  <testcase classname="Test1.Math3" name="m6" time="0.004"/>
  <testcase classname="Test1.Math3" name="m6" time="0.005"/>
</testsuite> <!-- Test1 -->
