<?xml version="1.0" encoding="UTF-8"?>
<testng-results ignored="0" total="4" passed="4" failed="0" skipped="0">
  <reporter-output>
  </reporter-output>
  <suite started-at="2022-11-10T17:41:43 IST" name="Suite" finished-at="2022-11-10T17:41:43 IST" duration-ms="272">
    <groups>
    </groups>
    <test started-at="2022-11-10T17:41:43 IST" name="Test2" finished-at="2022-11-10T17:41:43 IST" duration-ms="264">
      <class name="Assignment1.Tests.Test2">
        <test-method signature="m3()[pri:0, instance:Assignment1.Tests.Test2@25ce9dc4]" started-at="2022-11-10T17:41:43 IST" name="m3" finished-at="2022-11-10T17:41:43 IST" duration-ms="39" status="PASS">
          <reporter-output>
          </reporter-output>
        </test-method> <!-- m3 -->
        <test-method signature="m4()[pri:0, instance:Assignment1.Tests.Test2@25ce9dc4]" started-at="2022-11-10T17:41:43 IST" name="m4" finished-at="2022-11-10T17:41:43 IST" duration-ms="8" status="PASS">
          <reporter-output>
          </reporter-output>
        </test-method> <!-- m4 -->
      </class> <!-- Assignment1.Tests.Test2 -->
    </test> <!-- Test2 -->
    <test started-at="2022-11-10T17:41:43 IST" name="Test1" finished-at="2022-11-10T17:41:43 IST" duration-ms="272">
      <class name="Assignment1.Tests.Test1">
        <test-method signature="m1()[pri:0, instance:Assignment1.Tests.Test1@d9345cd]" started-at="2022-11-10T17:41:43 IST" name="m1" finished-at="2022-11-10T17:41:43 IST" duration-ms="42" status="PASS">
          <reporter-output>
          </reporter-output>
        </test-method> <!-- m1 -->
        <test-method signature="m2()[pri:0, instance:Assignment1.Tests.Test1@d9345cd]" started-at="2022-11-10T17:41:43 IST" name="m2" finished-at="2022-11-10T17:41:43 IST" duration-ms="11" status="PASS">
          <reporter-output>
          </reporter-output>
        </test-method> <!-- m2 -->
      </class> <!-- Assignment1.Tests.Test1 -->
    </test> <!-- Test1 -->
  </suite> <!-- Suite -->
</testng-results>
