<?xml version="1.0" encoding="UTF-8"?>
<testng-results ignored="0" total="3" passed="3" failed="0" skipped="0">
  <reporter-output>
  </reporter-output>
  <suite started-at="2023-01-18T16:24:59 IST" name="Default suite" finished-at="2023-01-18T16:25:10 IST" duration-ms="10552">
    <groups>
    </groups>
    <test started-at="2023-01-18T16:24:59 IST" name="Default test" finished-at="2023-01-18T16:25:10 IST" duration-ms="10552">
      <class name="Basic.Java1">
        <test-method signature="addBook(java.lang.String,java.lang.String)[pri:0, instance:Basic.Java1@2a54a73f]" started-at="2023-01-18T16:25:00 IST" name="addBook" data-provider="getData" finished-at="2023-01-18T16:25:09 IST" duration-ms="9499" status="PASS">
          <params>
            <param index="0">
              <value>
                <![CDATA[bbb]]>
              </value>
            </param>
            <param index="1">
              <value>
                <![CDATA[789]]>
              </value>
            </param>
          </params>
          <reporter-output>
          </reporter-output>
        </test-method> <!-- addBook -->
        <test-method signature="addBook(java.lang.String,java.lang.String)[pri:0, instance:Basic.Java1@2a54a73f]" started-at="2023-01-18T16:25:09 IST" name="addBook" data-provider="getData" finished-at="2023-01-18T16:25:10 IST" duration-ms="450" status="PASS">
          <params>
            <param index="0">
              <value>
                <![CDATA[ccc]]>
              </value>
            </param>
            <param index="1">
              <value>
                <![CDATA[456]]>
              </value>
            </param>
          </params>
          <reporter-output>
          </reporter-output>
        </test-method> <!-- addBook -->
        <test-method signature="addBook(java.lang.String,java.lang.String)[pri:0, instance:Basic.Java1@2a54a73f]" started-at="2023-01-18T16:25:10 IST" name="addBook" data-provider="getData" finished-at="2023-01-18T16:25:10 IST" duration-ms="354" status="PASS">
          <params>
            <param index="0">
              <value>
                <![CDATA[ddd]]>
              </value>
            </param>
            <param index="1">
              <value>
                <![CDATA[678]]>
              </value>
            </param>
          </params>
          <reporter-output>
          </reporter-output>
        </test-method> <!-- addBook -->
      </class> <!-- Basic.Java1 -->
    </test> <!-- Default test -->
  </suite> <!-- Default suite -->
</testng-results>
